2022-08-13 11:34:25 - {"errorInfo":["42000",1064,"You have an error in your SQL syntax; check the manual that corresponds to your MariaDB server version for the right syntax to use near 'r 'o'  AND 1  ''' at line 1"]} at: 
 at line 146: C:\xampp\htdocs\pipe_tobacco\App\Controllers\Admin\ProductController.php:
 at line 195: C:\xampp\htdocs\pipe_tobacco\route\Route.php:
 at line 149: C:\xampp\htdocs\pipe_tobacco\route\Route.php:
 at line 21: C:\xampp\htdocs\pipe_tobacco\App\Middlewares\AuthAdmin.php:
 at line 153: C:\xampp\htdocs\pipe_tobacco\route\Route.php:
 at line 139: C:\xampp\htdocs\pipe_tobacco\route\Route.php:
 at line 113: C:\xampp\htdocs\pipe_tobacco\route\Route.php:
 at line 83: C:\xampp\htdocs\pipe_tobacco\route\web.php:
 at line 94: C:\xampp\htdocs\pipe_tobacco\route\Route.php:
 at line 146: C:\xampp\htdocs\pipe_tobacco\route\web.php:
 at line 8: C:\xampp\htdocs\pipe_tobacco\index.php:
2022-08-13 11:35:37 - {"errorInfo":["42000",1064,"You have an error in your SQL syntax; check the manual that corresponds to your MariaDB server version for the right syntax to use near 'r 'o'  AND 1  ''' at line 1"]} at: 
 at line 146: C:\xampp\htdocs\pipe_tobacco\App\Controllers\Admin\ProductController.php:
 at line 195: C:\xampp\htdocs\pipe_tobacco\route\Route.php:
 at line 149: C:\xampp\htdocs\pipe_tobacco\route\Route.php:
 at line 21: C:\xampp\htdocs\pipe_tobacco\App\Middlewares\AuthAdmin.php:
 at line 153: C:\xampp\htdocs\pipe_tobacco\route\Route.php:
 at line 139: C:\xampp\htdocs\pipe_tobacco\route\Route.php:
 at line 113: C:\xampp\htdocs\pipe_tobacco\route\Route.php:
 at line 83: C:\xampp\htdocs\pipe_tobacco\route\web.php:
 at line 94: C:\xampp\htdocs\pipe_tobacco\route\Route.php:
 at line 146: C:\xampp\htdocs\pipe_tobacco\route\web.php:
 at line 8: C:\xampp\htdocs\pipe_tobacco\index.php:
2022-08-13 11:36:53 - {"errorInfo":["42000",1064,"You have an error in your SQL syntax; check the manual that corresponds to your MariaDB server version for the right syntax to use near 'r 'o'  AND 1  ''' at line 1"]} at: 
 at line 146: C:\xampp\htdocs\pipe_tobacco\App\Controllers\Admin\ProductController.php:
 at line 195: C:\xampp\htdocs\pipe_tobacco\route\Route.php:
 at line 149: C:\xampp\htdocs\pipe_tobacco\route\Route.php:
 at line 21: C:\xampp\htdocs\pipe_tobacco\App\Middlewares\AuthAdmin.php:
 at line 153: C:\xampp\htdocs\pipe_tobacco\route\Route.php:
 at line 139: C:\xampp\htdocs\pipe_tobacco\route\Route.php:
 at line 113: C:\xampp\htdocs\pipe_tobacco\route\Route.php:
 at line 83: C:\xampp\htdocs\pipe_tobacco\route\web.php:
 at line 94: C:\xampp\htdocs\pipe_tobacco\route\Route.php:
 at line 146: C:\xampp\htdocs\pipe_tobacco\route\web.php:
 at line 8: C:\xampp\htdocs\pipe_tobacco\index.php:
